# JRE version: Java(TM) SE Runtime Environment (8.0_401) (build 1.8.0_401-b10)
# Java VM: Java HotSpot(TM) 64-Bit Server VM (25.401-b10 mixed mode windows-amd64 compressed oops)
Heap:
 PSYoungGen      total 366592K, used 84231K [0x000000076c400000, 0x00000007a3880000, 0x00000007c0000000)
  eden space 353280K, 20% used [0x000000076c400000,0x00000007709491f8,0x0000000781d00000)
  from space 13312K, 99% used [0x00000007a2b80000,0x00000007a3878ba0,0x00000007a3880000)
  to   space 31744K, 0% used [0x000000079fa80000,0x000000079fa80000,0x00000007a1980000)
 ParOldGen       total 172032K, used 107323K [0x00000006c4c00000, 0x00000006cf400000, 0x000000076c400000)
  object space 172032K, 62% used [0x00000006c4c00000,0x00000006cb4cef10,0x00000006cf400000)
 Metaspace       used 14735K, capacity 14998K, committed 15232K, reserved 1062912K
  class space    used 1424K, capacity 1565K, committed 1664K, reserved 1048576K
GC Heap History (10 events):
Event: 6836.101 GC heap before
{Heap before GC invocations=126 (full 40):
 PSYoungGen      total 288256K, used 287996K [0x000000076c400000, 0x00000007a6080000, 0x00000007c0000000)
  eden space 271872K, 100% used [0x000000076c400000,0x000000077cd80000,0x000000077cd80000)
  from space 16384K, 98% used [0x00000007a3780000,0x00000007a473f168,0x00000007a4780000)
  to   space 25600K, 0% used [0x00000007a4780000,0x00000007a4780000,0x00000007a6080000)
 ParOldGen       total 172032K, used 78342K [0x00000006c4c00000, 0x00000006cf400000, 0x000000076c400000)
  object space 172032K, 45% used [0x00000006c4c00000,0x00000006c98818d0,0x00000006cf400000)
 Metaspace       used 14727K, capacity 14998K, committed 15232K, reserved 1062912K
  class space    used 1424K, capacity 1565K, committed 1664K, reserved 1048576K
Event: 6836.109 GC heap after
Heap after GC invocations=126 (full 40):
 PSYoungGen      total 280064K, used 18559K [0x000000076c400000, 0x00000007a5a00000, 0x00000007c0000000)
  eden space 261120K, 0% used [0x000000076c400000,0x000000076c400000,0x000000077c300000)
  from space 18944K, 97% used [0x00000007a4780000,0x00000007a599fdd0,0x00000007a5a00000)
  to   space 25600K, 0% used [0x00000007a2800000,0x00000007a2800000,0x00000007a4100000)
 ParOldGen       total 172032K, used 80679K [0x00000006c4c00000, 0x00000006cf400000, 0x000000076c400000)
  object space 172032K, 46% used [0x00000006c4c00000,0x00000006c9ac9e90,0x00000006cf400000)
 Metaspace       used 14727K, capacity 14998K, committed 15232K, reserved 1062912K
  class space    used 1424K, capacity 1565K, committed 1664K, reserved 1048576K
}
Event: 6837.176 GC heap before
{Heap before GC invocations=127 (full 40):
 PSYoungGen      total 280064K, used 279679K [0x000000076c400000, 0x00000007a5a00000, 0x00000007c0000000)
  eden space 261120K, 100% used [0x000000076c400000,0x000000077c300000,0x000000077c300000)
  from space 18944K, 97% used [0x00000007a4780000,0x00000007a599fdd0,0x00000007a5a00000)
  to   space 25600K, 0% used [0x00000007a2800000,0x00000007a2800000,0x00000007a4100000)
 ParOldGen       total 172032K, used 80679K [0x00000006c4c00000, 0x00000006cf400000, 0x000000076c400000)
  object space 172032K, 46% used [0x00000006c4c00000,0x00000006c9ac9e90,0x00000006cf400000)
 Metaspace       used 14729K, capacity 14998K, committed 15232K, reserved 1062912K
  class space    used 1424K, capacity 1565K, committed 1664K, reserved 1048576K
Event: 6837.188 GC heap after
Heap after GC invocations=127 (full 40):
 PSYoungGen      total 267264K, used 16141K [0x000000076c400000, 0x00000007a4800000, 0x00000007c0000000)
  eden space 250880K, 0% used [0x000000076c400000,0x000000076c400000,0x000000077b900000)
  from space 16384K, 98% used [0x00000007a2800000,0x00000007a37c3440,0x00000007a3800000)
  to   space 16384K, 0% used [0x00000007a3800000,0x00000007a3800000,0x00000007a4800000)
 ParOldGen       total 172032K, used 83311K [0x00000006c4c00000, 0x00000006cf400000, 0x000000076c400000)
  object space 172032K, 48% used [0x00000006c4c00000,0x00000006c9d5bd28,0x00000006cf400000)
 Metaspace       used 14729K, capacity 14998K, committed 15232K, reserved 1062912K
  class space    used 1424K, capacity 1565K, committed 1664K, reserved 1048576K
}
Event: 6838.191 GC heap before
{Heap before GC invocations=128 (full 40):
 PSYoungGen      total 267264K, used 267021K [0x000000076c400000, 0x00000007a4800000, 0x00000007c0000000)
  eden space 250880K, 100% used [0x000000076c400000,0x000000077b900000,0x000000077b900000)
  from space 16384K, 98% used [0x00000007a2800000,0x00000007a37c3440,0x00000007a3800000)
  to   space 16384K, 0% used [0x00000007a3800000,0x00000007a3800000,0x00000007a4800000)
 ParOldGen       total 172032K, used 83311K [0x00000006c4c00000, 0x00000006cf400000, 0x000000076c400000)
  object space 172032K, 48% used [0x00000006c4c00000,0x00000006c9d5bd28,0x00000006cf400000)
 Metaspace       used 14729K, capacity 14998K, committed 15232K, reserved 1062912K
  class space    used 1424K, capacity 1565K, committed 1664K, reserved 1048576K
Event: 6838.196 GC heap after
Heap after GC invocations=128 (full 40):
 PSYoungGen      total 252928K, used 11752K [0x000000076c400000, 0x00000007a4380000, 0x00000007c0000000)
  eden space 241152K, 0% used [0x000000076c400000,0x000000076c400000,0x000000077af80000)
  from space 11776K, 99% used [0x00000007a3800000,0x00000007a437a108,0x00000007a4380000)
  to   space 24576K, 0% used [0x00000007a1380000,0x00000007a1380000,0x00000007a2b80000)
 ParOldGen       total 172032K, used 85971K [0x00000006c4c00000, 0x00000006cf400000, 0x000000076c400000)
  object space 172032K, 49% used [0x00000006c4c00000,0x00000006c9ff4f18,0x00000006cf400000)
 Metaspace       used 14729K, capacity 14998K, committed 15232K, reserved 1062912K
  class space    used 1424K, capacity 1565K, committed 1664K, reserved 1048576K
}
Event: 6838.962 GC heap before
{Heap before GC invocations=129 (full 40):
 PSYoungGen      total 252928K, used 252904K [0x000000076c400000, 0x00000007a4380000, 0x00000007c0000000)
  eden space 241152K, 100% used [0x000000076c400000,0x000000077af80000,0x000000077af80000)
  from space 11776K, 99% used [0x00000007a3800000,0x00000007a437a108,0x00000007a4380000)
  to   space 24576K, 0% used [0x00000007a1380000,0x00000007a1380000,0x00000007a2b80000)
 ParOldGen       total 172032K, used 85971K [0x00000006c4c00000, 0x00000006cf400000, 0x000000076c400000)
  object space 172032K, 49% used [0x00000006c4c00000,0x00000006c9ff4f18,0x00000006cf400000)
 Metaspace       used 14735K, capacity 14998K, committed 15232K, reserved 1062912K
  class space    used 1424K, capacity 1565K, committed 1664K, reserved 1048576K
Event: 6838.996 GC heap after
Heap after GC invocations=129 (full 40):
 PSYoungGen      total 316416K, used 24572K [0x000000076c400000, 0x00000007a3880000, 0x00000007c0000000)
  eden space 291840K, 0% used [0x000000076c400000,0x000000076c400000,0x000000077e100000)
  from space 24576K, 99% used [0x00000007a1380000,0x00000007a2b7f300,0x00000007a2b80000)
  to   space 13312K, 0% used [0x00000007a2b80000,0x00000007a2b80000,0x00000007a3880000)
 ParOldGen       total 172032K, used 101071K [0x00000006c4c00000, 0x00000006cf400000, 0x000000076c400000)
  object space 172032K, 58% used [0x00000006c4c00000,0x00000006caeb3f08,0x00000006cf400000)
 Metaspace       used 14735K, capacity 14998K, committed 15232K, reserved 1062912K
  class space    used 1424K, capacity 1565K, committed 1664K, reserved 1048576K
}
Event: 8293.698 GC heap before
{Heap before GC invocations=130 (full 40):
 PSYoungGen      total 316416K, used 315076K [0x000000076c400000, 0x00000007a3880000, 0x00000007c0000000)
  eden space 291840K, 99% used [0x000000076c400000,0x000000077dfb1d90,0x000000077e100000)
  from space 24576K, 99% used [0x00000007a1380000,0x00000007a2b7f300,0x00000007a2b80000)
  to   space 13312K, 0% used [0x00000007a2b80000,0x00000007a2b80000,0x00000007a3880000)
 ParOldGen       total 172032K, used 101071K [0x00000006c4c00000, 0x00000006cf400000, 0x000000076c400000)
  object space 172032K, 58% used [0x00000006c4c00000,0x00000006caeb3f08,0x00000006cf400000)
 Metaspace       used 14735K, capacity 14998K, committed 15232K, reserved 1062912K
  class space    used 1424K, capacity 1565K, committed 1664K, reserved 1048576K
Event: 8293.708 GC heap after
Heap after GC invocations=130 (full 40):
 PSYoungGen      total 366592K, used 13282K [0x000000076c400000, 0x00000007a3880000, 0x00000007c0000000)
  eden space 353280K, 0% used [0x000000076c400000,0x000000076c400000,0x0000000781d00000)
  from space 13312K, 99% used [0x00000007a2b80000,0x00000007a3878ba0,0x00000007a3880000)
  to   space 31744K, 0% used [0x000000079fa80000,0x000000079fa80000,0x00000007a1980000)
 ParOldGen       total 172032K, used 107323K [0x00000006c4c00000, 0x00000006cf400000, 0x000000076c400000)
  object space 172032K, 62% used [0x00000006c4c00000,0x00000006cb4cef10,0x00000006cf400000)
 Metaspace       used 14735K, capacity 14998K, committed 15232K, reserved 1062912K
  class space    used 1424K, capacity 1565K, committed 1664K, reserved 1048576K
}

