# JRE version: Java(TM) SE Runtime Environment (8.0_401) (build 1.8.0_401-b10)
# Java VM: Java HotSpot(TM) 64-Bit Server VM (25.401-b10 mixed mode windows-amd64 compressed oops)
Heap:
 PSYoungGen      total 107520K, used 74754K [0x000000076c400000, 0x0000000775600000, 0x00000007c0000000)
  eden space 84992K, 70% used [0x000000076c400000,0x000000076fe81088,0x0000000771700000)
  from space 22528K, 65% used [0x0000000771700000,0x000000077257f7f0,0x0000000772d00000)
  to   space 23552K, 0% used [0x0000000773f00000,0x0000000773f00000,0x0000000775600000)
 ParOldGen       total 172032K, used 63989K [0x00000006c4c00000, 0x00000006cf400000, 0x000000076c400000)
  object space 172032K, 37% used [0x00000006c4c00000,0x00000006c8a7d6a8,0x00000006cf400000)
 Metaspace       used 13988K, capacity 14270K, committed 14336K, reserved 1062912K
  class space    used 1404K, capacity 1533K, committed 1536K, reserved 1048576K
GC Heap History (10 events):
Event: 2053.123 GC heap before
{Heap before GC invocations=116 (full 16):
 PSYoungGen      total 83456K, used 79400K [0x000000076c400000, 0x0000000772d80000, 0x00000007c0000000)
  eden space 72704K, 100% used [0x000000076c400000,0x0000000770b00000,0x0000000770b00000)
  from space 10752K, 62% used [0x0000000770b00000,0x000000077118a138,0x0000000771580000)
  to   space 10240K, 0% used [0x0000000772380000,0x0000000772380000,0x0000000772d80000)
 ParOldGen       total 172032K, used 117230K [0x00000006c4c00000, 0x00000006cf400000, 0x000000076c400000)
  object space 172032K, 68% used [0x00000006c4c00000,0x00000006cbe7b990,0x00000006cf400000)
 Metaspace       used 13987K, capacity 14270K, committed 14336K, reserved 1062912K
  class space    used 1404K, capacity 1533K, committed 1536K, reserved 1048576K
Event: 2053.125 GC heap after
Heap after GC invocations=116 (full 16):
 PSYoungGen      total 79872K, used 8553K [0x000000076c400000, 0x0000000772c00000, 0x00000007c0000000)
  eden space 71168K, 0% used [0x000000076c400000,0x000000076c400000,0x0000000770980000)
  from space 8704K, 98% used [0x0000000772380000,0x0000000772bda6c0,0x0000000772c00000)
  to   space 10752K, 0% used [0x0000000771700000,0x0000000771700000,0x0000000772180000)
 ParOldGen       total 172032K, used 117894K [0x00000006c4c00000, 0x00000006cf400000, 0x000000076c400000)
  object space 172032K, 68% used [0x00000006c4c00000,0x00000006cbf21968,0x00000006cf400000)
 Metaspace       used 13987K, capacity 14270K, committed 14336K, reserved 1062912K
  class space    used 1404K, capacity 1533K, committed 1536K, reserved 1048576K
}
Event: 2053.253 GC heap before
{Heap before GC invocations=117 (full 16):
 PSYoungGen      total 79872K, used 36819K [0x000000076c400000, 0x0000000772c00000, 0x00000007c0000000)
  eden space 71168K, 39% used [0x000000076c400000,0x000000076df9a7e0,0x0000000770980000)
  from space 8704K, 98% used [0x0000000772380000,0x0000000772bda6c0,0x0000000772c00000)
  to   space 10752K, 0% used [0x0000000771700000,0x0000000771700000,0x0000000772180000)
 ParOldGen       total 172032K, used 117894K [0x00000006c4c00000, 0x00000006cf400000, 0x000000076c400000)
  object space 172032K, 68% used [0x00000006c4c00000,0x00000006cbf21968,0x00000006cf400000)
 Metaspace       used 13987K, capacity 14270K, committed 14336K, reserved 1062912K
  class space    used 1404K, capacity 1533K, committed 1536K, reserved 1048576K
Event: 2053.258 GC heap after
Heap after GC invocations=117 (full 16):
 PSYoungGen      total 95744K, used 10741K [0x000000076c400000, 0x0000000774280000, 0x00000007c0000000)
  eden space 84992K, 0% used [0x000000076c400000,0x000000076c400000,0x0000000771700000)
  from space 10752K, 99% used [0x0000000771700000,0x000000077217d668,0x0000000772180000)
  to   space 22016K, 0% used [0x0000000772d00000,0x0000000772d00000,0x0000000774280000)
 ParOldGen       total 172032K, used 145737K [0x00000006c4c00000, 0x00000006cf400000, 0x000000076c400000)
  object space 172032K, 84% used [0x00000006c4c00000,0x00000006cda525f8,0x00000006cf400000)
 Metaspace       used 13987K, capacity 14270K, committed 14336K, reserved 1062912K
  class space    used 1404K, capacity 1533K, committed 1536K, reserved 1048576K
}
Event: 2053.324 GC heap before
{Heap before GC invocations=118 (full 16):
 PSYoungGen      total 95744K, used 61669K [0x000000076c400000, 0x0000000774280000, 0x00000007c0000000)
  eden space 84992K, 59% used [0x000000076c400000,0x000000076f5bc188,0x0000000771700000)
  from space 10752K, 99% used [0x0000000771700000,0x000000077217d668,0x0000000772180000)
  to   space 22016K, 0% used [0x0000000772d00000,0x0000000772d00000,0x0000000774280000)
 ParOldGen       total 172032K, used 145737K [0x00000006c4c00000, 0x00000006cf400000, 0x000000076c400000)
  object space 172032K, 84% used [0x00000006c4c00000,0x00000006cda525f8,0x00000006cf400000)
 Metaspace       used 13987K, capacity 14270K, committed 14336K, reserved 1062912K
  class space    used 1404K, capacity 1533K, committed 1536K, reserved 1048576K
Event: 2053.326 GC heap after
Heap after GC invocations=118 (full 16):
 PSYoungGen      total 107008K, used 192K [0x000000076c400000, 0x0000000774380000, 0x00000007c0000000)
  eden space 84992K, 0% used [0x000000076c400000,0x000000076c400000,0x0000000771700000)
  from space 22016K, 0% used [0x0000000772d00000,0x0000000772d30000,0x0000000774280000)
  to   space 22528K, 0% used [0x0000000771700000,0x0000000771700000,0x0000000772d00000)
 ParOldGen       total 172032K, used 146421K [0x00000006c4c00000, 0x00000006cf400000, 0x000000076c400000)
  object space 172032K, 85% used [0x00000006c4c00000,0x00000006cdafd5c0,0x00000006cf400000)
 Metaspace       used 13987K, capacity 14270K, committed 14336K, reserved 1062912K
  class space    used 1404K, capacity 1533K, committed 1536K, reserved 1048576K
}
Event: 2053.326 GC heap before
{Heap before GC invocations=119 (full 17):
 PSYoungGen      total 107008K, used 192K [0x000000076c400000, 0x0000000774380000, 0x00000007c0000000)
  eden space 84992K, 0% used [0x000000076c400000,0x000000076c400000,0x0000000771700000)
  from space 22016K, 0% used [0x0000000772d00000,0x0000000772d30000,0x0000000774280000)
  to   space 22528K, 0% used [0x0000000771700000,0x0000000771700000,0x0000000772d00000)
 ParOldGen       total 172032K, used 146421K [0x00000006c4c00000, 0x00000006cf400000, 0x000000076c400000)
  object space 172032K, 85% used [0x00000006c4c00000,0x00000006cdafd5c0,0x00000006cf400000)
 Metaspace       used 13987K, capacity 14270K, committed 14336K, reserved 1062912K
  class space    used 1404K, capacity 1533K, committed 1536K, reserved 1048576K
Event: 2053.372 GC heap after
Heap after GC invocations=119 (full 17):
 PSYoungGen      total 107008K, used 0K [0x000000076c400000, 0x0000000774380000, 0x00000007c0000000)
  eden space 84992K, 0% used [0x000000076c400000,0x000000076c400000,0x0000000771700000)
  from space 22016K, 0% used [0x0000000772d00000,0x0000000772d00000,0x0000000774280000)
  to   space 22528K, 0% used [0x0000000771700000,0x0000000771700000,0x0000000772d00000)
 ParOldGen       total 172032K, used 63989K [0x00000006c4c00000, 0x00000006cf400000, 0x000000076c400000)
  object space 172032K, 37% used [0x00000006c4c00000,0x00000006c8a7d6a8,0x00000006cf400000)
 Metaspace       used 13987K, capacity 14270K, committed 14336K, reserved 1062912K
  class space    used 1404K, capacity 1533K, committed 1536K, reserved 1048576K
}
Event: 2158.657 GC heap before
{Heap before GC invocations=120 (full 17):
 PSYoungGen      total 107008K, used 83069K [0x000000076c400000, 0x0000000774380000, 0x00000007c0000000)
  eden space 84992K, 97% used [0x000000076c400000,0x000000077151f458,0x0000000771700000)
  from space 22016K, 0% used [0x0000000772d00000,0x0000000772d00000,0x0000000774280000)
  to   space 22528K, 0% used [0x0000000771700000,0x0000000771700000,0x0000000772d00000)
 ParOldGen       total 172032K, used 63989K [0x00000006c4c00000, 0x00000006cf400000, 0x000000076c400000)
  object space 172032K, 37% used [0x00000006c4c00000,0x00000006c8a7d6a8,0x00000006cf400000)
 Metaspace       used 13988K, capacity 14270K, committed 14336K, reserved 1062912K
  class space    used 1404K, capacity 1533K, committed 1536K, reserved 1048576K
Event: 2158.659 GC heap after
Heap after GC invocations=120 (full 17):
 PSYoungGen      total 107520K, used 14845K [0x000000076c400000, 0x0000000775600000, 0x00000007c0000000)
  eden space 84992K, 0% used [0x000000076c400000,0x000000076c400000,0x0000000771700000)
  from space 22528K, 65% used [0x0000000771700000,0x000000077257f7f0,0x0000000772d00000)
  to   space 23552K, 0% used [0x0000000773f00000,0x0000000773f00000,0x0000000775600000)
 ParOldGen       total 172032K, used 63989K [0x00000006c4c00000, 0x00000006cf400000, 0x000000076c400000)
  object space 172032K, 37% used [0x00000006c4c00000,0x00000006c8a7d6a8,0x00000006cf400000)
 Metaspace       used 13988K, capacity 14270K, committed 14336K, reserved 1062912K
  class space    used 1404K, capacity 1533K, committed 1536K, reserved 1048576K
}

