# JRE version: Java(TM) SE Runtime Environment (8.0_401) (build 1.8.0_401-b10)
# Java VM: Java HotSpot(TM) 64-Bit Server VM (25.401-b10 mixed mode windows-amd64 compressed oops)
Heap:
 PSYoungGen      total 122880K, used 56408K [0x000000076c400000, 0x0000000774d80000, 0x00000007c0000000)
  eden space 114176K, 41% used [0x000000076c400000,0x000000076f2d4290,0x0000000773380000)
  from space 8704K, 97% used [0x0000000773680000,0x0000000773ec1fc8,0x0000000773f00000)
  to   space 13312K, 0% used [0x0000000774080000,0x0000000774080000,0x0000000774d80000)
 ParOldGen       total 147968K, used 85589K [0x00000006c4c00000, 0x00000006cdc80000, 0x000000076c400000)
  object space 147968K, 57% used [0x00000006c4c00000,0x00000006c9f956f8,0x00000006cdc80000)
 Metaspace       used 15492K, capacity 15800K, committed 16000K, reserved 1062912K
  class space    used 1459K, capacity 1590K, committed 1664K, reserved 1048576K
GC Heap History (10 events):
Event: 38024.978 GC heap before
{Heap before GC invocations=2775 (full 940):
 PSYoungGen      total 140288K, used 135206K [0x000000076c400000, 0x0000000775d00000, 0x00000007c0000000)
  eden space 132096K, 100% used [0x000000076c400000,0x0000000774500000,0x0000000774500000)
  from space 8192K, 37% used [0x0000000775500000,0x00000007758099b8,0x0000000775d00000)
  to   space 12288K, 0% used [0x0000000774500000,0x0000000774500000,0x0000000775100000)
 ParOldGen       total 147968K, used 81497K [0x00000006c4c00000, 0x00000006cdc80000, 0x000000076c400000)
  object space 147968K, 55% used [0x00000006c4c00000,0x00000006c9b967f8,0x00000006cdc80000)
 Metaspace       used 15492K, capacity 15800K, committed 16000K, reserved 1062912K
  class space    used 1459K, capacity 1590K, committed 1664K, reserved 1048576K
Event: 38024.980 GC heap after
Heap after GC invocations=2775 (full 940):
 PSYoungGen      total 130560K, used 2163K [0x000000076c400000, 0x0000000775900000, 0x00000007c0000000)
  eden space 128000K, 0% used [0x000000076c400000,0x000000076c400000,0x0000000774100000)
  from space 2560K, 84% used [0x0000000774500000,0x000000077471cc98,0x0000000774780000)
  to   space 12288K, 0% used [0x0000000774d00000,0x0000000774d00000,0x0000000775900000)
 ParOldGen       total 147968K, used 82340K [0x00000006c4c00000, 0x00000006cdc80000, 0x000000076c400000)
  object space 147968K, 55% used [0x00000006c4c00000,0x00000006c9c691d8,0x00000006cdc80000)
 Metaspace       used 15492K, capacity 15800K, committed 16000K, reserved 1062912K
  class space    used 1459K, capacity 1590K, committed 1664K, reserved 1048576K
}
Event: 38025.255 GC heap before
{Heap before GC invocations=2776 (full 940):
 PSYoungGen      total 130560K, used 130163K [0x000000076c400000, 0x0000000775900000, 0x00000007c0000000)
  eden space 128000K, 100% used [0x000000076c400000,0x0000000774100000,0x0000000774100000)
  from space 2560K, 84% used [0x0000000774500000,0x000000077471cc98,0x0000000774780000)
  to   space 12288K, 0% used [0x0000000774d00000,0x0000000774d00000,0x0000000775900000)
 ParOldGen       total 147968K, used 82340K [0x00000006c4c00000, 0x00000006cdc80000, 0x000000076c400000)
  object space 147968K, 55% used [0x00000006c4c00000,0x00000006c9c691d8,0x00000006cdc80000)
 Metaspace       used 15492K, capacity 15800K, committed 16000K, reserved 1062912K
  class space    used 1459K, capacity 1590K, committed 1664K, reserved 1048576K
Event: 38025.258 GC heap after
Heap after GC invocations=2776 (full 940):
 PSYoungGen      total 133120K, used 7304K [0x000000076c400000, 0x0000000775580000, 0x00000007c0000000)
  eden space 124416K, 0% used [0x000000076c400000,0x000000076c400000,0x0000000773d80000)
  from space 8704K, 83% used [0x0000000774d00000,0x00000007754223c8,0x0000000775580000)
  to   space 12288K, 0% used [0x0000000773d80000,0x0000000773d80000,0x0000000774980000)
 ParOldGen       total 147968K, used 83521K [0x00000006c4c00000, 0x00000006cdc80000, 0x000000076c400000)
  object space 147968K, 56% used [0x00000006c4c00000,0x00000006c9d90590,0x00000006cdc80000)
 Metaspace       used 15492K, capacity 15800K, committed 16000K, reserved 1062912K
  class space    used 1459K, capacity 1590K, committed 1664K, reserved 1048576K
}
Event: 38025.869 GC heap before
{Heap before GC invocations=2777 (full 940):
 PSYoungGen      total 133120K, used 131720K [0x000000076c400000, 0x0000000775580000, 0x00000007c0000000)
  eden space 124416K, 100% used [0x000000076c400000,0x0000000773d80000,0x0000000773d80000)
  from space 8704K, 83% used [0x0000000774d00000,0x00000007754223c8,0x0000000775580000)
  to   space 12288K, 0% used [0x0000000773d80000,0x0000000773d80000,0x0000000774980000)
 ParOldGen       total 147968K, used 83521K [0x00000006c4c00000, 0x00000006cdc80000, 0x000000076c400000)
  object space 147968K, 56% used [0x00000006c4c00000,0x00000006c9d90590,0x00000006cdc80000)
 Metaspace       used 15492K, capacity 15800K, committed 16000K, reserved 1062912K
  class space    used 1459K, capacity 1590K, committed 1664K, reserved 1048576K
Event: 38025.871 GC heap after
Heap after GC invocations=2777 (full 940):
 PSYoungGen      total 129536K, used 8455K [0x000000076c400000, 0x0000000775300000, 0x00000007c0000000)
  eden space 120832K, 0% used [0x000000076c400000,0x000000076c400000,0x0000000773a00000)
  from space 8704K, 97% used [0x0000000773d80000,0x00000007745c1fc8,0x0000000774600000)
  to   space 12800K, 0% used [0x0000000774680000,0x0000000774680000,0x0000000775300000)
 ParOldGen       total 147968K, used 83912K [0x00000006c4c00000, 0x00000006cdc80000, 0x000000076c400000)
  object space 147968K, 56% used [0x00000006c4c00000,0x00000006c9df23b8,0x00000006cdc80000)
 Metaspace       used 15492K, capacity 15800K, committed 16000K, reserved 1062912K
  class space    used 1459K, capacity 1590K, committed 1664K, reserved 1048576K
}
Event: 38026.510 GC heap before
{Heap before GC invocations=2778 (full 940):
 PSYoungGen      total 129536K, used 129287K [0x000000076c400000, 0x0000000775300000, 0x00000007c0000000)
  eden space 120832K, 100% used [0x000000076c400000,0x0000000773a00000,0x0000000773a00000)
  from space 8704K, 97% used [0x0000000773d80000,0x00000007745c1fc8,0x0000000774600000)
  to   space 12800K, 0% used [0x0000000774680000,0x0000000774680000,0x0000000775300000)
 ParOldGen       total 147968K, used 83912K [0x00000006c4c00000, 0x00000006cdc80000, 0x000000076c400000)
  object space 147968K, 56% used [0x00000006c4c00000,0x00000006c9df23b8,0x00000006cdc80000)
 Metaspace       used 15492K, capacity 15800K, committed 16000K, reserved 1062912K
  class space    used 1459K, capacity 1590K, committed 1664K, reserved 1048576K
Event: 38026.512 GC heap after
Heap after GC invocations=2778 (full 940):
 PSYoungGen      total 127488K, used 8354K [0x000000076c400000, 0x0000000775080000, 0x00000007c0000000)
  eden space 117248K, 0% used [0x000000076c400000,0x000000076c400000,0x0000000773680000)
  from space 10240K, 81% used [0x0000000774680000,0x0000000774ea8880,0x0000000775080000)
  to   space 13312K, 0% used [0x0000000773680000,0x0000000773680000,0x0000000774380000)
 ParOldGen       total 147968K, used 84771K [0x00000006c4c00000, 0x00000006cdc80000, 0x000000076c400000)
  object space 147968K, 57% used [0x00000006c4c00000,0x00000006c9ec8d58,0x00000006cdc80000)
 Metaspace       used 15492K, capacity 15800K, committed 16000K, reserved 1062912K
  class space    used 1459K, capacity 1590K, committed 1664K, reserved 1048576K
}
Event: 38247.380 GC heap before
{Heap before GC invocations=2779 (full 940):
 PSYoungGen      total 127488K, used 125602K [0x000000076c400000, 0x0000000775080000, 0x00000007c0000000)
  eden space 117248K, 100% used [0x000000076c400000,0x0000000773680000,0x0000000773680000)
  from space 10240K, 81% used [0x0000000774680000,0x0000000774ea8880,0x0000000775080000)
  to   space 13312K, 0% used [0x0000000773680000,0x0000000773680000,0x0000000774380000)
 ParOldGen       total 147968K, used 84771K [0x00000006c4c00000, 0x00000006cdc80000, 0x000000076c400000)
  object space 147968K, 57% used [0x00000006c4c00000,0x00000006c9ec8d58,0x00000006cdc80000)
 Metaspace       used 15492K, capacity 15800K, committed 16000K, reserved 1062912K
  class space    used 1459K, capacity 1590K, committed 1664K, reserved 1048576K
Event: 38247.383 GC heap after
Heap after GC invocations=2779 (full 940):
 PSYoungGen      total 122880K, used 8455K [0x000000076c400000, 0x0000000774d80000, 0x00000007c0000000)
  eden space 114176K, 0% used [0x000000076c400000,0x000000076c400000,0x0000000773380000)
  from space 8704K, 97% used [0x0000000773680000,0x0000000773ec1fc8,0x0000000773f00000)
  to   space 13312K, 0% used [0x0000000774080000,0x0000000774080000,0x0000000774d80000)
 ParOldGen       total 147968K, used 85589K [0x00000006c4c00000, 0x00000006cdc80000, 0x000000076c400000)
  object space 147968K, 57% used [0x00000006c4c00000,0x00000006c9f956f8,0x00000006cdc80000)
 Metaspace       used 15492K, capacity 15800K, committed 16000K, reserved 1062912K
  class space    used 1459K, capacity 1590K, committed 1664K, reserved 1048576K
}

